開始時刻：2016/12/10 22:29:10
[和露大辞典]
  著作権情報…done
  本文…
  (1)WARODAI_SOURCE\DAI_dict.html
  done
  図版総数=(0)個
  音声総数=(0)個
  メニュー…(32)
  前方一致表記インデックス…(95827)個
  前方一致仮名インデックス…(98887)個
  外字(8x16)…(62)個 done
  外字(16x16)…(479)個 done
  アンカー総数…(98187)個
  リンク総数…(11222)個
  E:\DEV\NBYARS\WARODAI_EBCONV\WARODAI\WARODAI\DATA\HONMON ( 42199040 bytes )
終了時刻：2016/12/10 22:33:32
-------------------------
カタログを作成しました。
処理を完了しました。
開始時刻：2016/12/10 22:35:40
[X和露大辞典]
  著作権情報…done
  本文…
  (1)XWARODAI_SOURCE\DAI_dict.html
  done
  図版総数=(0)個
  音声総数=(0)個
  メニュー…(32)
  前方一致表記インデックス…(95827)個
  前方一致仮名インデックス…(98887)個
  外字(8x16)…(72)個 done
  外字(16x16)…(556)個 done
  アンカー総数…(98187)個
  リンク総数…(11255)個
  E:\DEV\NBYARS\WARODAI_EBCONV\XWARODAI\XWARODAI\DATA\HONMON ( 43081728 bytes )
終了時刻：2016/12/10 22:37:05
-------------------------
カタログを作成しました。
処理を完了しました。
開始時刻：2016/12/11 14:42:16
[和露大辞典]
  著作権情報…done
  本文…
  (1)WARODAI_SOURCE\DAI_dict.html
  done
  図版総数=(0)個
  音声総数=(0)個
  メニュー…(32)
  前方一致表記インデックス…(100659)個
  前方一致仮名インデックス…(100381)個
  外字(8x16)…(62)個 done
  外字(16x16)…(479)個 done
  アンカー総数…(98187)個
  リンク総数…(11222)個
  E:\DEV\NBYARS\WARODAI_EBCONV\WARODAI\WARODAI\DATA\HONMON ( 42686464 bytes )
終了時刻：2016/12/11 14:43:21
-------------------------
カタログを作成しました。
処理を完了しました。
開始時刻：2016/12/11 14:43:45
[X和露大辞典]
  著作権情報…done
  本文…
  (1)XWARODAI_SOURCE\DAI_dict.html
  done
  図版総数=(0)個
  音声総数=(0)個
  メニュー…(32)
  前方一致表記インデックス…(100659)個
  前方一致仮名インデックス…(100381)個
  外字(8x16)…(72)個 done
  外字(16x16)…(556)個 done
  アンカー総数…(98187)個
  リンク総数…(11255)個
  E:\DEV\NBYARS\WARODAI_EBCONV\XWARODAI\XWARODAI\DATA\HONMON ( 43569152 bytes )
終了時刻：2016/12/11 14:44:49
-------------------------
カタログを作成しました。
処理を完了しました。
開始時刻：2016/12/11 15:38:10
[和露大辞典]
  著作権情報…done
  本文…
  (1)WARODAI_SOURCE\DAI_dict.html
  done
  図版総数=(0)個
  音声総数=(0)個
  メニュー…(32)
  前方一致表記インデックス…(100659)個
  前方一致仮名インデックス…(100381)個
  外字(8x16)…(62)個 done
  外字(16x16)…(479)個 done
  アンカー総数…(98187)個
  リンク総数…(11222)個
  E:\DEV\NBYARS\WARODAI_EBCONV\WARODAI\WARODAI\DATA\HONMON ( 42686464 bytes )
終了時刻：2016/12/11 15:39:33
-------------------------
カタログを作成しました。
処理を完了しました。
開始時刻：2016/12/12 1:31:18
[和露大辞典]
  著作権情報…done
  本文…
  (1)WARODAI_SOURCE\DAI_dict.html
  done
  図版総数=(0)個
  音声総数=(0)個
  メニュー…(32)
  前方一致表記インデックス…(100659)個
  前方一致仮名インデックス…(100381)個
  外字(8x16)…(62)個 done
  外字(16x16)…(479)個 done
  アンカー総数…(98187)個
  リンク総数…(11222)個
  E:\DEV\NBYARS\WARODAI_EBCONV\WARODAI\WARODAI\DATA\HONMON ( 42686464 bytes )
終了時刻：2016/12/12 1:32:25
-------------------------
カタログを作成しました。
処理を完了しました。
開始時刻：2016/12/12 1:38:06
[X和露大辞典]
  著作権情報…done
  本文…
  (1)XWARODAI_SOURCE\DAI_dict.html
  done
  図版総数=(0)個
  音声総数=(0)個
  メニュー…(32)
  前方一致表記インデックス…(100659)個
  前方一致仮名インデックス…(100381)個
  外字(8x16)…(72)個 done
  外字(16x16)…(556)個 done
  アンカー総数…(98187)個
  リンク総数…(11255)個
  E:\DEV\NBYARS\WARODAI_EBCONV\XWARODAI\XWARODAI\DATA\HONMON ( 43569152 bytes )
終了時刻：2016/12/12 1:39:14
-------------------------
カタログを作成しました。
処理を完了しました。
開始時刻：2016/12/16 23:51:18
[和露大辞典]
  著作権情報…done
  本文…
  (1)WARODAI_SOURCE\DAI_dict.html
  done
  図版総数=(0)個
  音声総数=(0)個
  メニュー…(32)
  前方一致表記インデックス…(100659)個
  前方一致仮名インデックス…(100381)個
  外字(8x16)…(62)個 done
  外字(16x16)…(479)個 done
  アンカー総数…(98187)個
  リンク総数…(11222)個
  E:\DEV\NBYARS\WARODAI_EBCONV\WARODAI\WARODAI\DATA\HONMON ( 42686464 bytes )
終了時刻：2016/12/16 23:52:43
-------------------------
カタログを作成しました。
処理を完了しました。
開始時刻：2016/12/16 23:53:03
[X和露大辞典]
  著作権情報…done
  本文…
  (1)XWARODAI_SOURCE\DAI_dict.html
  done
  図版総数=(0)個
  音声総数=(0)個
  メニュー…(32)
  前方一致表記インデックス…(100659)個
  前方一致仮名インデックス…(100381)個
  外字(8x16)…(75)個 done
  外字(16x16)…(556)個 done
  アンカー総数…(98187)個
  リンク総数…(11255)個
  E:\DEV\NBYARS\WARODAI_EBCONV\XWARODAI\XWARODAI\DATA\HONMON ( 43569152 bytes )
終了時刻：2016/12/16 23:54:32
-------------------------
カタログを作成しました。
処理を完了しました。
開始時刻：2016/12/17 1:43:29
[和露大辞典]
  著作権情報…done
  本文…
  (1)WARODAI_SOURCE\DAI_dict.html
  done
  図版総数=(0)個
  音声総数=(0)個
  メニュー…(32)
  前方一致表記インデックス…(100661)個
  前方一致仮名インデックス…(100381)個
  外字(8x16)…(62)個 done
  外字(16x16)…(479)個 done
  アンカー総数…(98187)個
  リンク総数…(11222)個
  E:\DEV\NBYARS\WARODAI_EBCONV\WARODAI\WARODAI\DATA\HONMON ( 42686464 bytes )
終了時刻：2016/12/17 1:44:35
-------------------------
カタログを作成しました。
処理を完了しました。
開始時刻：2016/12/17 1:46:33
[X和露大辞典]
  著作権情報…done
  本文…
  (1)XWARODAI_SOURCE\DAI_dict.html
  done
  図版総数=(0)個
  音声総数=(0)個
  メニュー…(32)
  前方一致表記インデックス…(100661)個
  前方一致仮名インデックス…(100381)個
  外字(8x16)…(75)個 done
  外字(16x16)…(556)個 done
  アンカー総数…(98187)個
  リンク総数…(11255)個
  E:\DEV\NBYARS\WARODAI_EBCONV\XWARODAI\XWARODAI\DATA\HONMON ( 43571200 bytes )
終了時刻：2016/12/17 1:47:38
-------------------------
カタログを作成しました。
処理を完了しました。
開始時刻：2016/12/17 1:52:42
[和露大辞典]
  著作権情報…done
  本文…
  (1)WARODAI_SOURCE\DAI_dict.html
  done
  図版総数=(0)個
  音声総数=(0)個
  メニュー…(32)
  前方一致表記インデックス…(100661)個
  前方一致仮名インデックス…(100381)個
  外字(8x16)…(62)個 done
  外字(16x16)…(479)個 done
  アンカー総数…(98187)個
  リンク総数…(11222)個
  E:\DEV\NBYARS\WARODAI_EBCONV\WARODAI\WARODAI\DATA\HONMON ( 42686464 bytes )
終了時刻：2016/12/17 1:53:48
-------------------------
カタログを作成しました。
処理を完了しました。
開始時刻：2016/12/17 1:53:57
[X和露大辞典]
  著作権情報…done
  本文…
  (1)XWARODAI_SOURCE\DAI_dict.html
  done
  図版総数=(0)個
  音声総数=(0)個
  メニュー…(32)
  前方一致表記インデックス…(100661)個
  前方一致仮名インデックス…(100381)個
  外字(8x16)…(75)個 done
  外字(16x16)…(556)個 done
  アンカー総数…(98187)個
  リンク総数…(11255)個
  E:\DEV\NBYARS\WARODAI_EBCONV\XWARODAI\XWARODAI\DATA\HONMON ( 43571200 bytes )
終了時刻：2016/12/17 1:56:00
-------------------------
カタログを作成しました。
処理を完了しました。
開始時刻：2016/12/21 2:15:16
[X和露大辞典]
  著作権情報…done
  本文…
  (1)XWARODAI_SOURCE\DAI_dict.html
  done
  図版総数=(0)個
  音声総数=(0)個
  メニュー…(32)
  前方一致表記インデックス…(100669)個
  前方一致仮名インデックス…(100392)個
  外字(8x16)…(75)個 done
  外字(16x16)…(558)個 done
  アンカー総数…(98186)個
  リンク総数…(11255)個
  E:\DEV\NBYARS\WARODAI_EBCONV\XWARODAI\XWARODAI\DATA\HONMON ( 43767808 bytes )
終了時刻：2016/12/21 2:16:31
-------------------------
カタログを作成しました。
処理を完了しました。
開始時刻：2016/12/21 2:32:39
[和露大辞典]
  著作権情報…done
  本文…
  (1)WARODAI_SOURCE\DAI_dict.html
  done
  図版総数=(0)個
  音声総数=(0)個
  メニュー…(32)
  前方一致表記インデックス…(100669)個
  前方一致仮名インデックス…(100392)個
  外字(8x16)…(62)個 done
  外字(16x16)…(480)個 done
  アンカー総数…(98186)個
  リンク総数…(11222)個
  E:\DEV\NBYARS\WARODAI_EBCONV\WARODAI\WARODAI\DATA\HONMON ( 42883072 bytes )
終了時刻：2016/12/21 2:34:01
-------------------------
カタログを作成しました。
処理を完了しました。
開始時刻：2016/12/25 0:02:52
[和露大辞典]
  著作権情報…done
  本文…
  (1)WARODAI_SOURCE\DAI_dict.html
  done
  図版総数=(0)個
  音声総数=(0)個
  メニュー…(32)
  前方一致表記インデックス…(100672)個
  前方一致仮名インデックス…(100393)個
  外字(8x16)…(62)個 done
  外字(16x16)…(480)個 done
  アンカー総数…(98187)個
  リンク総数…(11222)個
  E:\DEV\NBYARS\WARODAI_EBCONV\WARODAI\WARODAI\DATA\HONMON ( 42883072 bytes )
終了時刻：2016/12/25 0:04:16
-------------------------
カタログを作成しました。
処理を完了しました。
開始時刻：2016/12/25 0:04:30
[X和露大辞典]
  著作権情報…done
  本文…
  (1)XWARODAI_SOURCE\DAI_dict.html
  done
  図版総数=(0)個
  音声総数=(0)個
  メニュー…(32)
  前方一致表記インデックス…(100672)個
  前方一致仮名インデックス…(100393)個
  外字(8x16)…(75)個 done
  外字(16x16)…(558)個 done
  アンカー総数…(98187)個
  リンク総数…(11255)個
  E:\DEV\NBYARS\WARODAI_EBCONV\XWARODAI\XWARODAI\DATA\HONMON ( 43769856 bytes )
終了時刻：2016/12/25 0:06:08
-------------------------
カタログを作成しました。
処理を完了しました。
開始時刻：2017/03/29 1:20:13
[和露大辞典]
  著作権情報…done
  本文…
  (1)WARODAI_SOURCE\DAI_dict.html
  done
  図版総数=(0)個
  音声総数=(0)個
  メニュー…(32)
  前方一致表記インデックス…(100755)個
  前方一致仮名インデックス…(100401)個
  外字(8x16)…(62)個 done
  外字(16x16)…(481)個 done
  アンカー総数…(98187)個
  リンク総数…(11230)個
  E:\DEV\NBYARS\TOOLS\WARODAI_EBCONV\WARODAI\WARODAI\DATA\HONMON ( 42934272 bytes )
終了時刻：2017/03/29 1:21:31
-------------------------
カタログを作成しました。
処理を完了しました。
開始時刻：2017/03/29 1:26:44
[X和露大辞典]
  著作権情報…done
  本文…
  (1)XWARODAI_SOURCE\DAI_dict.html
  done
  図版総数=(0)個
  音声総数=(0)個
  メニュー…(32)
  前方一致表記インデックス…(100755)個
  前方一致仮名インデックス…(100401)個
  外字(8x16)…(75)個 done
  外字(16x16)…(559)個 done
  アンカー総数…(98187)個
  リンク総数…(11257)個
  E:\DEV\NBYARS\TOOLS\WARODAI_EBCONV\XWARODAI\XWARODAI\DATA\HONMON ( 43786240 bytes )
終了時刻：2017/03/29 1:28:05
-------------------------
カタログを作成しました。
処理を完了しました。
開始時刻：2017/04/09 1:40:25
[和露大辞典]
  著作権情報…done
  本文…
  (1)WARODAI_SOURCE\DAI_dict.html
  done
  図版総数=(0)個
  音声総数=(0)個
  メニュー…(32)
  前方一致表記インデックス…(100763)個
  前方一致仮名インデックス…(100402)個
  外字(8x16)…(62)個 done
  外字(16x16)…(483)個 done
  アンカー総数…(98187)個
  リンク総数…(11230)個
  E:\DEV\NBYARS\TOOLS\EPWING_BUILDER\WARODAI\WARODAI\DATA\HONMON ( 42934272 bytes )
終了時刻：2017/04/09 1:41:40
-------------------------
カタログを作成しました。
処理を完了しました。
開始時刻：2017/04/09 1:41:55
[X和露大辞典]
  著作権情報…done
  本文…
  (1)XWARODAI_SOURCE\DAI_dict.html
  done
  図版総数=(0)個
  音声総数=(0)個
  メニュー…(32)
  前方一致表記インデックス…(100763)個
  前方一致仮名インデックス…(100402)個
  外字(8x16)…(75)個 done
  外字(16x16)…(561)個 done
  アンカー総数…(98187)個
  リンク総数…(11257)個
  E:\DEV\NBYARS\TOOLS\EPWING_BUILDER\XWARODAI\XWARODAI\DATA\HONMON ( 43792384 bytes )
終了時刻：2017/04/09 1:43:18
-------------------------
カタログを作成しました。
処理を完了しました。
開始時刻：2017/04/22 23:56:25
[X和露大辞典]
  著作権情報…done
  本文…
  (1)XWARODAI_SOURCE\DAI_dict.html
  done
  図版総数=(0)個
  音声総数=(0)個
  メニュー…(32)
  前方一致表記インデックス…(100773)個
  前方一致仮名インデックス…(100401)個
  外字(8x16)…(75)個 done
  外字(16x16)…(561)個 done
  アンカー総数…(98187)個
  リンク総数…(11257)個
  E:\DEV\NBYARS\TOOLS\EPWING_BUILDER\XWARODAI\XWARODAI\DATA\HONMON ( 43794432 bytes )
終了時刻：2017/04/22 23:57:47
-------------------------
カタログを作成しました。
処理を完了しました。
開始時刻：2017/04/22 23:57:54
[和露大辞典]
  著作権情報…done
  本文…
  (1)WARODAI_SOURCE\DAI_dict.html
  done
  図版総数=(0)個
  音声総数=(0)個
  メニュー…(32)
  前方一致表記インデックス…(100773)個
  前方一致仮名インデックス…(100401)個
  外字(8x16)…(62)個 done
  外字(16x16)…(483)個 done
  アンカー総数…(98187)個
  リンク総数…(11230)個
  E:\DEV\NBYARS\TOOLS\EPWING_BUILDER\WARODAI\WARODAI\DATA\HONMON ( 42936320 bytes )
終了時刻：2017/04/22 23:59:27
-------------------------
カタログを作成しました。
処理を完了しました。
開始時刻：2017/09/24 13:26:33
[和露大辞典]
  著作権情報…done
  本文…
  (1)WARODAI_SOURCE\DAI_dict.html
  done
  図版総数=(0)個
  音声総数=(0)個
  メニュー…(32)
  前方一致表記インデックス…(100773)個
  前方一致仮名インデックス…(100401)個
  外字(8x16)…(62)個 done
  外字(16x16)…(483)個 done
  アンカー総数…(98187)個
  リンク総数…(11230)個
  E:\DEV\NBYARS\TOOLS\EPWING_BUILDER\WARODAI\WARODAI\DATA\HONMON ( 42936320 bytes )
終了時刻：2017/09/24 13:27:34
-------------------------
カタログを作成しました。
処理を完了しました。
開始時刻：2017/09/24 13:28:14
[X和露大辞典]
  著作権情報…done
  本文…
  (1)XWARODAI_SOURCE\DAI_dict.html
  done
  図版総数=(0)個
  音声総数=(0)個
  メニュー…(32)
  前方一致表記インデックス…(100773)個
  前方一致仮名インデックス…(100401)個
  外字(8x16)…(75)個 done
  外字(16x16)…(561)個 done
  アンカー総数…(98187)個
  リンク総数…(11257)個
  E:\DEV\NBYARS\TOOLS\EPWING_BUILDER\XWARODAI\XWARODAI\DATA\HONMON ( 43794432 bytes )
終了時刻：2017/09/24 13:29:13
-------------------------
カタログを作成しました。
処理を完了しました。
開始時刻：2017/09/24 13:36:44
[和露大辞典]
  著作権情報…done
  本文…
  (1)WARODAI_SOURCE\DAI_dict.html
  done
  図版総数=(0)個
  音声総数=(0)個
  メニュー…(32)
  前方一致表記インデックス…(100773)個
  前方一致仮名インデックス…(100401)個
  外字(8x16)…(62)個 done
  外字(16x16)…(483)個 done
  アンカー総数…(98187)個
  リンク総数…(11230)個
  E:\DEV\NBYARS\TOOLS\EPWING_BUILDER\WARODAI\WARODAI\DATA\HONMON ( 42936320 bytes )
終了時刻：2017/09/24 13:37:46
-------------------------
カタログを作成しました。
処理を完了しました。
開始時刻：2017/09/24 13:37:53
[X和露大辞典]
  著作権情報…done
  本文…
  (1)XWARODAI_SOURCE\DAI_dict.html
  done
  図版総数=(0)個
  音声総数=(0)個
  メニュー…(32)
  前方一致表記インデックス…(100773)個
  前方一致仮名インデックス…(100401)個
  外字(8x16)…(75)個 done
  外字(16x16)…(561)個 done
  アンカー総数…(98187)個
  リンク総数…(11257)個
  E:\DEV\NBYARS\TOOLS\EPWING_BUILDER\XWARODAI\XWARODAI\DATA\HONMON ( 43794432 bytes )
終了時刻：2017/09/24 13:39:04
-------------------------
カタログを作成しました。
処理を完了しました。
開始時刻：2017/09/24 14:09:11
[和露大辞典]
  著作権情報…done
  本文…
  (1)WARODAI_SOURCE\DAI_dict.html
  done
  図版総数=(0)個
  音声総数=(0)個
  メニュー…(32)
  前方一致表記インデックス…(100784)個
  前方一致仮名インデックス…(100402)個
  外字(8x16)…(62)個 done
  外字(16x16)…(483)個 done
  アンカー総数…(98187)個
  リンク総数…(11229)個
  E:\DEV\NBYARS\TOOLS\EPWING_BUILDER\WARODAI\WARODAI\DATA\HONMON ( 42901504 bytes )
終了時刻：2017/09/24 14:10:10
-------------------------
カタログを作成しました。
処理を完了しました。
開始時刻：2017/09/24 14:10:17
[X和露大辞典]
  著作権情報…done
  本文…
  (1)XWARODAI_SOURCE\DAI_dict.html
  done
  図版総数=(0)個
  音声総数=(0)個
  メニュー…(32)
  前方一致表記インデックス…(100784)個
  前方一致仮名インデックス…(100402)個
  外字(8x16)…(77)個 done
  外字(16x16)…(562)個 done
  アンカー総数…(98187)個
  リンク総数…(11256)個
  E:\DEV\NBYARS\TOOLS\EPWING_BUILDER\XWARODAI\XWARODAI\DATA\HONMON ( 43806720 bytes )
終了時刻：2017/09/24 14:11:30
-------------------------
カタログを作成しました。
処理を完了しました。
開始時刻：2018/01/20 21:05:51
[和露大辞典]
  著作権情報…done
  本文…
  (1)WARODAI_SOURCE\DAI_dict.html
  done
  図版総数=(0)個
  音声総数=(0)個
  メニュー…(32)
  前方一致表記インデックス…(100789)個
  前方一致仮名インデックス…(100403)個
  外字(8x16)…(62)個 done
  外字(16x16)…(483)個 done
  アンカー総数…(98187)個
  リンク総数…(11229)個
  E:\DEV\NBYARS\TOOLS\EPWING_BUILDER\WARODAI\WARODAI\DATA\HONMON ( 42903552 bytes )
終了時刻：2018/01/20 21:06:54
-------------------------
カタログを作成しました。
処理を完了しました。
開始時刻：2018/01/20 21:07:43
[X和露大辞典]
  著作権情報…done
  本文…
  (1)XWARODAI_SOURCE\DAI_dict.html
  done
  図版総数=(0)個
  音声総数=(0)個
  メニュー…(32)
  前方一致表記インデックス…(100789)個
  前方一致仮名インデックス…(100403)個
  外字(8x16)…(77)個 done
  外字(16x16)…(562)個 done
  アンカー総数…(98187)個
  リンク総数…(11256)個
  E:\DEV\NBYARS\TOOLS\EPWING_BUILDER\XWARODAI\XWARODAI\DATA\HONMON ( 43819008 bytes )
終了時刻：2018/01/20 21:08:58
-------------------------
カタログを作成しました。
処理を完了しました。
開始時刻：2018/05/26 15:17:57
[和露大辞典]
  著作権情報…done
  本文…
  (1)WARODAI_SOURCE\DAI_dict.html
  done
  図版総数=(0)個
  音声総数=(0)個
  メニュー…(32)
  前方一致表記インデックス…(100797)個
  前方一致仮名インデックス…(100407)個
  外字(8x16)…(63)個 done
  外字(16x16)…(483)個 done
  アンカー総数…(98187)個
  リンク総数…(11231)個
  E:\DEV\NBYARS\TOOLS\EPWING_BUILDER\WARODAI\WARODAI\DATA\HONMON ( 42907648 bytes )
終了時刻：2018/05/26 15:24:15
-------------------------
カタログを作成しました。
処理を完了しました。
開始時刻：2018/05/26 15:29:59
[X和露大辞典]
  著作権情報…done
  本文…
  (1)XWARODAI_SOURCE\DAI_dict.html
  done
  図版総数=(0)個
  音声総数=(0)個
  メニュー…(32)
  前方一致表記インデックス…(100797)個
  前方一致仮名インデックス…(100407)個
  外字(8x16)…(79)個 done
  外字(16x16)…(564)個 done
  アンカー総数…(98187)個
  リンク総数…(11258)個
  E:\DEV\NBYARS\TOOLS\EPWING_BUILDER\XWARODAI\XWARODAI\DATA\HONMON ( 43831296 bytes )
終了時刻：2018/05/26 15:32:54
-------------------------
カタログを作成しました。
処理を完了しました。
開始時刻：2019/09/21 22:39:57
[和露大辞典]
  著作権情報…done
  本文…
  (1)WARODAI_SOURCE\DAI_dict.html
  done
  図版総数=(0)個
  音声総数=(0)個
  メニュー…(32)
  前方一致表記インデックス…(100813)個
  前方一致仮名インデックス…(100410)個
  外字(8x16)…(63)個 done
  外字(16x16)…(483)個 done
  アンカー総数…(98187)個
  リンク総数…(11232)個
  E:\DEV\NBYARS\EPWING_BUILDER\WARODAI\WARODAI\DATA\HONMON ( 42911744 bytes )
終了時刻：2019/09/21 22:43:09
-------------------------
カタログを作成しました。
処理を完了しました。
開始時刻：2019/09/21 22:50:33
[X和露大辞典]
  著作権情報…done
  本文…
  (1)XWARODAI_SOURCE\DAI_dict.html
  done
  図版総数=(0)個
  音声総数=(0)個
  メニュー…(32)
  前方一致表記インデックス…(100813)個
  前方一致仮名インデックス…(100410)個
  外字(8x16)…(79)個 done
  外字(16x16)…(564)個 done
  アンカー総数…(98187)個
  リンク総数…(11259)個
  E:\DEV\NBYARS\EPWING_BUILDER\XWARODAI\XWARODAI\DATA\HONMON ( 43843584 bytes )
終了時刻：2019/09/21 22:53:52
-------------------------
カタログを作成しました。
処理を完了しました。
